<?xml version="1.0" encoding="UTF-8"?>
<!-- Generated by org.testng.reporters.JUnitReportReporter -->
<testsuite hostname="DESKTOP-660TC1S" failures="0" tests="3" name="com.comcast.crm.batchexecution.CreateContactModule" time="85.344" errors="0" timestamp="2025-03-11T12:23:44 IST" skipped="0">
  <testcase classname="com.comcast.crm.batchexecution.CreateContactModule" name="createcontactWithOrg" time="28.156"/>
  <system-out/>
  <testcase classname="com.comcast.crm.batchexecution.CreateContactModule" name="createContactTest" time="30.005"/>
  <system-out/>
  <testcase classname="com.comcast.crm.batchexecution.CreateContactModule" name="createcontactWithDate" time="27.183"/>
  <system-out/>
</testsuite> <!-- com.comcast.crm.batchexecution.CreateContactModule -->
