<?xml version="1.0" encoding="UTF-8"?>
<!-- Generated by org.testng.reporters.JUnitReportReporter -->
<testsuite hostname="DESKTOP-660TC1S" failures="0" tests="1" name="com.comcast.crm.orgtest.CreateOrganizationWithIndustriesTest" time="39.224" errors="0" timestamp="04 Mar 2025 04:25:26 GMT" skipped="0">
  <testcase classname="com.comcast.crm.orgtest.CreateOrganizationWithIndustriesTest" name="createOrganizationWithIndustriesTest" time="39.224"/>
</testsuite> <!-- com.comcast.crm.orgtest.CreateOrganizationWithIndustriesTest -->
