<?xml version="1.0" encoding="UTF-8"?>
<!-- Generated by org.testng.reporters.JUnitReportReporter -->
<testsuite hostname="DESKTOP-660TC1S" failures="0" tests="1" name="practice_Assert.Verify_HomeAndLogoTest" time="0.026" errors="0" timestamp="05 Mar 2025 12:14:19 GMT" skipped="0">
  <testcase classname="practice_Assert.Verify_HomeAndLogoTest" name="logoVerifyTest_SoftAssert" time="0.026"/>
</testsuite> <!-- practice_Assert.Verify_HomeAndLogoTest -->
