<?xml version="1.0" encoding="UTF-8"?>
<!-- Generated by org.testng.reporters.JUnitReportReporter -->
<testsuite hostname="DESKTOP-660TC1S" failures="0" tests="1" name="com.comcast.crm.screenshot.SampleTestForScreenshot" time="6.834" errors="0" timestamp="06 Mar 2025 09:41:24 GMT" skipped="0">
  <testcase classname="com.comcast.crm.screenshot.SampleTestForScreenshot" name="getScreenShotPageTest" time="6.834"/>
</testsuite> <!-- com.comcast.crm.screenshot.SampleTestForScreenshot -->
