<?xml version="1.0" encoding="UTF-8"?>
<!-- Generated by org.testng.reporters.JUnitReportReporter -->
<testsuite hostname="DESKTOP-660TC1S" failures="0" tests="1" name="com.comcast.crm.testNgExamples.GetPRoductInfoTest" time="0.000" errors="0" timestamp="27 Feb 2025 10:39:23 GMT" skipped="1">
  <testcase classname="com.comcast.crm.testNgExamples.GetPRoductInfoTest" name="getProductInfoTest" time="0.000">
    <skipped/>
  </testcase> <!-- getProductInfoTest -->
</testsuite> <!-- com.comcast.crm.testNgExamples.GetPRoductInfoTest -->
