<?xml version="1.0" encoding="UTF-8"?>
<!-- Generated by org.testng.reporters.JUnitReportReporter -->
<testsuite hostname="DESKTOP-660TC1S" failures="0" tests="1" name="com.comcast.crm.contacttest.CreateContactWithOrgTest" time="20.661" errors="0" timestamp="03 Mar 2025 10:12:49 GMT" skipped="0">
  <testcase classname="com.comcast.crm.contacttest.CreateContactWithOrgTest" name="createcontactWithOrg" time="20.661"/>
</testsuite> <!-- com.comcast.crm.contacttest.CreateContactWithOrgTest -->
