<?xml version="1.0" encoding="UTF-8"?>
<!-- Generated by org.testng.reporters.JUnitReportReporter -->
<testsuite hostname="DESKTOP-660TC1S" failures="0" tests="1" name="com.comcast.crm.groupExecution.Organization_Group" time="47.615" errors="0" timestamp="04 Mar 2025 12:11:39 GMT" skipped="0">
  <testcase classname="com.comcast.crm.groupExecution.Organization_Group" name="createOrganizationWithPhoneTest" time="47.615"/>
</testsuite> <!-- com.comcast.crm.groupExecution.Organization_Group -->
