<?xml version="1.0" encoding="UTF-8"?>
<!-- Generated by org.testng.reporters.JUnitReportReporter -->
<testsuite hostname="DESKTOP-660TC1S" failures="0" tests="3" name="com.comcast.crm.groupExecution.Contact_Group" time="105.861" errors="0" timestamp="04 Mar 2025 12:11:39 GMT" skipped="0">
  <testcase classname="com.comcast.crm.groupExecution.Contact_Group" name="createContactTest" time="44.595"/>
  <testcase classname="com.comcast.crm.groupExecution.Contact_Group" name="createcontactWithDate" time="29.595"/>
  <testcase classname="com.comcast.crm.groupExecution.Contact_Group" name="createcontactWithOrg" time="31.671"/>
</testsuite> <!-- com.comcast.crm.groupExecution.Contact_Group -->
