<?xml version="1.0" encoding="UTF-8"?>
<!-- Generated by org.testng.reporters.JUnitReportReporter -->
<testsuite hostname="DESKTOP-660TC1S" failures="0" tests="1" name="com.comcast.crm.batchexecution.CreateOrganizationModule" time="32.354" errors="0" timestamp="2025-03-11T12:23:44 IST" skipped="0">
  <testcase classname="com.comcast.crm.batchexecution.CreateOrganizationModule" name="createOrganizationWithPhoneTest" time="32.354"/>
  <system-out/>
</testsuite> <!-- com.comcast.crm.batchexecution.CreateOrganizationModule -->
