<?xml version="1.0" encoding="UTF-8"?>
<!-- Generated by org.testng.reporters.JUnitReportReporter -->
<testsuite hostname="LAPTOP-8LT6TNQ5" failures="0" tests="1" name="com.comcast.crm.contacttest.CreateContactTest" time="92.962" errors="0" timestamp="2025-03-25T14:43:33 IST" skipped="0">
  <testcase classname="com.comcast.crm.contacttest.CreateContactTest" name="createContactTest" time="92.962"/>
  <system-out/>
</testsuite> <!-- com.comcast.crm.contacttest.CreateContactTest -->
