<?xml version="1.0" encoding="UTF-8"?>
<!-- Generated by org.testng.reporters.JUnitReportReporter -->
<testsuite hostname="DESKTOP-660TC1S" failures="0" tests="3" name="com.comcast.crm.testNgExamples.dataProviderTest" time="0.032" errors="0" timestamp="27 Feb 2025 06:53:00 GMT" skipped="0">
  <testcase classname="com.comcast.crm.testNgExamples.dataProviderTest" name="createContactTest" time="0.027"/>
  <testcase classname="com.comcast.crm.testNgExamples.dataProviderTest" name="createContactTest" time="0.002"/>
  <testcase classname="com.comcast.crm.testNgExamples.dataProviderTest" name="createContactTest" time="0.003"/>
</testsuite> <!-- com.comcast.crm.testNgExamples.dataProviderTest -->
