<?xml version="1.0" encoding="UTF-8"?>
<!-- Generated by org.testng.reporters.JUnitReportReporter -->
<testsuite hostname="DESKTOP-660TC1S" failures="0" tests="1" name="practice_Assert.Contact_Assert" time="66.500" errors="0" timestamp="2025-03-20T12:39:58 IST" skipped="0">
  <testcase classname="practice_Assert.Contact_Assert" name="createcontactWithDate" time="66.500"/>
  <system-out/>
</testsuite> <!-- practice_Assert.Contact_Assert -->
